This is pdfTeX, Version 3.141592653-2.6-1.40.22 (TeX Live 2021) (preloaded format=pdflatex 2021.9.30)  29 MAY 2022 22:27
entering extended mode
 restricted \write18 enabled.
 %&-line parsing enabled.
**Modelisation_benford.tex
(./Modelisation_benford.tex
LaTeX2e <2020-10-01> patch level 4
L3 programming layer <2021-02-18> (/usr/local/texlive/2021/texmf-dist/tex/latex
/base/article.cls
Document Class: article 2020/04/10 v1.4m Standard LaTeX document class
(/usr/local/texlive/2021/texmf-dist/tex/latex/base/size10.clo
File: size10.clo 2020/04/10 v1.4m Standard LaTeX file (size option)
)
\c@part=\count179
\c@section=\count180
\c@subsection=\count181
\c@subsubsection=\count182
\c@paragraph=\count183
\c@subparagraph=\count184
\c@figure=\count185
\c@table=\count186
\abovecaptionskip=\skip47
\belowcaptionskip=\skip48
\bibindent=\dimen138
) (/usr/local/texlive/2021/texmf-dist/tex/latex/amsmath/amsmath.sty
Package: amsmath 2020/09/23 v2.17i AMS math features
\@mathmargin=\skip49
For additional information on amsmath, use the `?' option.
(/usr/local/texlive/2021/texmf-dist/tex/latex/amsmath/amstext.sty
Package: amstext 2000/06/29 v2.01 AMS text
(/usr/local/texlive/2021/texmf-dist/tex/latex/amsmath/amsgen.sty
File: amsgen.sty 1999/11/30 v2.0 generic functions
\@emptytoks=\toks15
\ex@=\dimen139
)) (/usr/local/texlive/2021/texmf-dist/tex/latex/amsmath/amsbsy.sty
Package: amsbsy 1999/11/29 v1.2d Bold Symbols
\pmbraise@=\dimen140
) (/usr/local/texlive/2021/texmf-dist/tex/latex/amsmath/amsopn.sty
Package: amsopn 2016/03/08 v2.02 operator names
)
\inf@bad=\count187
LaTeX Info: Redefining \frac on input line 234.
\uproot@=\count188
\leftroot@=\count189
LaTeX Info: Redefining \overline on input line 399.
\classnum@=\count190
\DOTSCASE@=\count191
LaTeX Info: Redefining \ldots on input line 496.
LaTeX Info: Redefining \dots on input line 499.
LaTeX Info: Redefining \cdots on input line 620.
\Mathstrutbox@=\box47
\strutbox@=\box48
\big@size=\dimen141
LaTeX Font Info:    Redeclaring font encoding OML on input line 743.
LaTeX Font Info:    Redeclaring font encoding OMS on input line 744.
\macc@depth=\count192
\c@MaxMatrixCols=\count193
\dotsspace@=\muskip16
\c@parentequation=\count194
\dspbrk@lvl=\count195
\tag@help=\toks16
\row@=\count196
\column@=\count197
\maxfields@=\count198
\andhelp@=\toks17
\eqnshift@=\dimen142
\alignsep@=\dimen143
\tagshift@=\dimen144
\tagwidth@=\dimen145
\totwidth@=\dimen146
\lineht@=\dimen147
\@envbody=\toks18
\multlinegap=\skip50
\multlinetaggap=\skip51
\mathdisplay@stack=\toks19
LaTeX Info: Redefining \[ on input line 2923.
LaTeX Info: Redefining \] on input line 2924.
) (/usr/local/texlive/2021/texmf-dist/tex/latex/amsfonts/amssymb.sty
Package: amssymb 2013/01/14 v3.01 AMS font symbols
(/usr/local/texlive/2021/texmf-dist/tex/latex/amsfonts/amsfonts.sty
Package: amsfonts 2013/01/14 v3.01 Basic AMSFonts support
\symAMSa=\mathgroup4
\symAMSb=\mathgroup5
LaTeX Font Info:    Redeclaring math symbol \hbar on input line 98.
LaTeX Font Info:    Overwriting math alphabet `\mathfrak' in version `bold'
(Font)                  U/euf/m/n --> U/euf/b/n on input line 106.
)) (/usr/local/texlive/2021/texmf-dist/tex/latex/lm/lmodern.sty
Package: lmodern 2015/05/01 v1.6.1 Latin Modern Fonts
LaTeX Font Info:    Overwriting symbol font `operators' in version `normal'
(Font)                  OT1/cmr/m/n --> OT1/lmr/m/n on input line 22.
LaTeX Font Info:    Overwriting symbol font `letters' in version `normal'
(Font)                  OML/cmm/m/it --> OML/lmm/m/it on input line 23.
LaTeX Font Info:    Overwriting symbol font `symbols' in version `normal'
(Font)                  OMS/cmsy/m/n --> OMS/lmsy/m/n on input line 24.
LaTeX Font Info:    Overwriting symbol font `largesymbols' in version `normal'
(Font)                  OMX/cmex/m/n --> OMX/lmex/m/n on input line 25.
LaTeX Font Info:    Overwriting symbol font `operators' in version `bold'
(Font)                  OT1/cmr/bx/n --> OT1/lmr/bx/n on input line 26.
LaTeX Font Info:    Overwriting symbol font `letters' in version `bold'
(Font)                  OML/cmm/b/it --> OML/lmm/b/it on input line 27.
LaTeX Font Info:    Overwriting symbol font `symbols' in version `bold'
(Font)                  OMS/cmsy/b/n --> OMS/lmsy/b/n on input line 28.
LaTeX Font Info:    Overwriting symbol font `largesymbols' in version `bold'
(Font)                  OMX/cmex/m/n --> OMX/lmex/m/n on input line 29.
LaTeX Font Info:    Overwriting math alphabet `\mathbf' in version `normal'
(Font)                  OT1/cmr/bx/n --> OT1/lmr/bx/n on input line 31.
LaTeX Font Info:    Overwriting math alphabet `\mathsf' in version `normal'
(Font)                  OT1/cmss/m/n --> OT1/lmss/m/n on input line 32.
LaTeX Font Info:    Overwriting math alphabet `\mathit' in version `normal'
(Font)                  OT1/cmr/m/it --> OT1/lmr/m/it on input line 33.
LaTeX Font Info:    Overwriting math alphabet `\mathtt' in version `normal'
(Font)                  OT1/cmtt/m/n --> OT1/lmtt/m/n on input line 34.
LaTeX Font Info:    Overwriting math alphabet `\mathbf' in version `bold'
(Font)                  OT1/cmr/bx/n --> OT1/lmr/bx/n on input line 35.
LaTeX Font Info:    Overwriting math alphabet `\mathsf' in version `bold'
(Font)                  OT1/cmss/bx/n --> OT1/lmss/bx/n on input line 36.
LaTeX Font Info:    Overwriting math alphabet `\mathit' in version `bold'
(Font)                  OT1/cmr/bx/it --> OT1/lmr/bx/it on input line 37.
LaTeX Font Info:    Overwriting math alphabet `\mathtt' in version `bold'
(Font)                  OT1/cmtt/m/n --> OT1/lmtt/m/n on input line 38.
) (/usr/local/texlive/2021/texmf-dist/tex/generic/iftex/ifxetex.sty
Package: ifxetex 2019/10/25 v0.7 ifxetex legacy package. Use iftex instead.
(/usr/local/texlive/2021/texmf-dist/tex/generic/iftex/iftex.sty
Package: iftex 2020/03/06 v1.0d TeX engine tests
)) (/usr/local/texlive/2021/texmf-dist/tex/generic/iftex/ifluatex.sty
Package: ifluatex 2019/10/25 v1.5 ifluatex legacy package. Use iftex instead.
) (/usr/local/texlive/2021/texmf-dist/tex/latex/base/fontenc.sty
Package: fontenc 2020/08/10 v2.0s Standard LaTeX package
LaTeX Font Info:    Trying to load font information for T1+lmr on input line 11
2.
(/usr/local/texlive/2021/texmf-dist/tex/latex/lm/t1lmr.fd
File: t1lmr.fd 2015/05/01 v1.6.1 Font defs for Latin Modern
)) (/usr/local/texlive/2021/texmf-dist/tex/latex/base/inputenc.sty
Package: inputenc 2020/08/01 v1.3d Input encoding file
\inpenc@prehook=\toks20
\inpenc@posthook=\toks21
) (/usr/local/texlive/2021/texmf-dist/tex/latex/base/textcomp.sty
Package: textcomp 2020/02/02 v2.0n Standard LaTeX package
) (/usr/local/texlive/2021/texmf-dist/tex/latex/upquote/upquote.sty
Package: upquote 2012/04/19 v1.3 upright-quote and grave-accent glyphs in verba
tim
) (/usr/local/texlive/2021/texmf-dist/tex/latex/microtype/microtype.sty
Package: microtype 2021/03/14 v2.8c Micro-typographical refinements (RS)
(/usr/local/texlive/2021/texmf-dist/tex/latex/graphics/keyval.sty
Package: keyval 2014/10/28 v1.15 key=value parser (DPC)
\KV@toks@=\toks22
)
\MT@toks=\toks23
\MT@count=\count199
LaTeX Info: Redefining \textls on input line 790.
\MT@outer@kern=\dimen148
LaTeX Info: Redefining \textmicrotypecontext on input line 1374.
\MT@listname@count=\count266
(/usr/local/texlive/2021/texmf-dist/tex/latex/microtype/microtype-pdftex.def
File: microtype-pdftex.def 2021/03/14 v2.8c Definitions specific to pdftex (RS)

LaTeX Info: Redefining \lsstyle on input line 915.
LaTeX Info: Redefining \lslig on input line 915.
\MT@outer@space=\skip52
)
Package microtype Info: Loading configuration file microtype.cfg.
(/usr/local/texlive/2021/texmf-dist/tex/latex/microtype/microtype.cfg
File: microtype.cfg 2021/03/14 v2.8c microtype main configuration file (RS)
)) (/usr/local/texlive/2021/texmf-dist/tex/latex/parskip/parskip.sty
Package: parskip 2021-03-14 v2.0h non-zero parskip adjustments
(/usr/local/texlive/2021/texmf-dist/tex/latex/kvoptions/kvoptions.sty
Package: kvoptions 2020-10-07 v3.14 Key value format for package options (HO)
(/usr/local/texlive/2021/texmf-dist/tex/generic/ltxcmds/ltxcmds.sty
Package: ltxcmds 2020-05-10 v1.25 LaTeX kernel commands for general use (HO)
) (/usr/local/texlive/2021/texmf-dist/tex/generic/kvsetkeys/kvsetkeys.sty
Package: kvsetkeys 2019/12/15 v1.18 Key value parser (HO)
)) (/usr/local/texlive/2021/texmf-dist/tex/latex/etoolbox/etoolbox.sty
Package: etoolbox 2020/10/05 v2.5k e-TeX tools for LaTeX (JAW)
\etb@tempcnta=\count267
)) (/usr/local/texlive/2021/texmf-dist/tex/latex/xcolor/xcolor.sty
Package: xcolor 2016/05/11 v2.12 LaTeX color extensions (UK)
(/usr/local/texlive/2021/texmf-dist/tex/latex/graphics-cfg/color.cfg
File: color.cfg 2016/01/02 v1.6 sample color configuration
)
Package xcolor Info: Driver file: pdftex.def on input line 225.
(/usr/local/texlive/2021/texmf-dist/tex/latex/graphics-def/pdftex.def
File: pdftex.def 2020/10/05 v1.2a Graphics/color driver for pdftex
)
Package xcolor Info: Model `cmy' substituted by `cmy0' on input line 1348.
Package xcolor Info: Model `hsb' substituted by `rgb' on input line 1352.
Package xcolor Info: Model `RGB' extended on input line 1364.
Package xcolor Info: Model `HTML' substituted by `rgb' on input line 1366.
Package xcolor Info: Model `Hsb' substituted by `hsb' on input line 1367.
Package xcolor Info: Model `tHsb' substituted by `hsb' on input line 1368.
Package xcolor Info: Model `HSB' substituted by `hsb' on input line 1369.
Package xcolor Info: Model `Gray' substituted by `gray' on input line 1370.
Package xcolor Info: Model `wave' substituted by `hsb' on input line 1371.
) (/usr/local/texlive/2021/texmf-dist/tex/latex/xurl/xurl.sty
Package: xurl 2020/12/30 v 0.09a modify URL breaks
(/usr/local/texlive/2021/texmf-dist/tex/latex/url/url.sty
\Urlmuskip=\muskip17
Package: url 2013/09/16  ver 3.4  Verb mode for urls, etc.
)) (/usr/local/texlive/2021/texmf-dist/tex/latex/bookmark/bookmark.sty
Package: bookmark 2020-11-06 v1.29 PDF bookmarks (HO)
(/usr/local/texlive/2021/texmf-dist/tex/latex/hyperref/hyperref.sty
Package: hyperref 2021-02-27 v7.00k Hypertext links for LaTeX
(/usr/local/texlive/2021/texmf-dist/tex/generic/pdftexcmds/pdftexcmds.sty
Package: pdftexcmds 2020-06-27 v0.33 Utility functions of pdfTeX for LuaTeX (HO
)
(/usr/local/texlive/2021/texmf-dist/tex/generic/infwarerr/infwarerr.sty
Package: infwarerr 2019/12/03 v1.5 Providing info/warning/error messages (HO)
)
Package pdftexcmds Info: \pdf@primitive is available.
Package pdftexcmds Info: \pdf@ifprimitive is available.
Package pdftexcmds Info: \pdfdraftmode found.
) (/usr/local/texlive/2021/texmf-dist/tex/generic/kvdefinekeys/kvdefinekeys.sty
Package: kvdefinekeys 2019-12-19 v1.6 Define keys (HO)
) (/usr/local/texlive/2021/texmf-dist/tex/generic/pdfescape/pdfescape.sty
Package: pdfescape 2019/12/09 v1.15 Implements pdfTeX's escape features (HO)
) (/usr/local/texlive/2021/texmf-dist/tex/latex/hycolor/hycolor.sty
Package: hycolor 2020-01-27 v1.10 Color options for hyperref/bookmark (HO)
) (/usr/local/texlive/2021/texmf-dist/tex/latex/letltxmacro/letltxmacro.sty
Package: letltxmacro 2019/12/03 v1.6 Let assignment for LaTeX macros (HO)
) (/usr/local/texlive/2021/texmf-dist/tex/latex/auxhook/auxhook.sty
Package: auxhook 2019-12-17 v1.6 Hooks for auxiliary files (HO)
)
\@linkdim=\dimen149
\Hy@linkcounter=\count268
\Hy@pagecounter=\count269
(/usr/local/texlive/2021/texmf-dist/tex/latex/hyperref/pd1enc.def
File: pd1enc.def 2021-02-27 v7.00k Hyperref: PDFDocEncoding definition (HO)
Now handling font encoding PD1 ...
... no UTF-8 mapping file for font encoding PD1
)
(/usr/local/texlive/2021/texmf-dist/tex/latex/hyperref/hyperref-langpatches.def
File: hyperref-langpatches.def 2021-02-27 v7.00k Hyperref: patches for babel la
nguages
) (/usr/local/texlive/2021/texmf-dist/tex/generic/intcalc/intcalc.sty
Package: intcalc 2019/12/15 v1.3 Expandable calculations with integers (HO)
) (/usr/local/texlive/2021/texmf-dist/tex/generic/etexcmds/etexcmds.sty
Package: etexcmds 2019/12/15 v1.7 Avoid name clashes with e-TeX commands (HO)
)
\Hy@SavedSpaceFactor=\count270
(/usr/local/texlive/2021/texmf-dist/tex/latex/hyperref/puenc.def
File: puenc.def 2021-02-27 v7.00k Hyperref: PDF Unicode definition (HO)
Now handling font encoding PU ...
... no UTF-8 mapping file for font encoding PU
)
Package hyperref Info: Option `unicode' set `true' on input line 4073.
Package hyperref Info: Hyper figures OFF on input line 4192.
Package hyperref Info: Link nesting OFF on input line 4197.
Package hyperref Info: Hyper index ON on input line 4200.
Package hyperref Info: Plain pages OFF on input line 4207.
Package hyperref Info: Backreferencing OFF on input line 4212.
Package hyperref Info: Implicit mode ON; LaTeX internals redefined.
Package hyperref Info: Bookmarks ON on input line 4445.
\c@Hy@tempcnt=\count271
LaTeX Info: Redefining \url on input line 4804.
\XeTeXLinkMargin=\dimen150
(/usr/local/texlive/2021/texmf-dist/tex/generic/bitset/bitset.sty
Package: bitset 2019/12/09 v1.3 Handle bit-vector datatype (HO)
(/usr/local/texlive/2021/texmf-dist/tex/generic/bigintcalc/bigintcalc.sty
Package: bigintcalc 2019/12/15 v1.5 Expandable calculations on big integers (HO
)
))
\Fld@menulength=\count272
\Field@Width=\dimen151
\Fld@charsize=\dimen152
Package hyperref Info: Hyper figures OFF on input line 6075.
Package hyperref Info: Link nesting OFF on input line 6080.
Package hyperref Info: Hyper index ON on input line 6083.
Package hyperref Info: backreferencing OFF on input line 6090.
Package hyperref Info: Link coloring OFF on input line 6095.
Package hyperref Info: Link coloring with OCG OFF on input line 6100.
Package hyperref Info: PDF/A mode OFF on input line 6105.
LaTeX Info: Redefining \ref on input line 6145.
LaTeX Info: Redefining \pageref on input line 6149.
(/usr/local/texlive/2021/texmf-dist/tex/latex/base/atbegshi-ltx.sty
Package: atbegshi-ltx 2020/08/17 v1.0a Emulation of the original atbegshi packa
ge
with kernel methods
)
\Hy@abspage=\count273
\c@Item=\count274
\c@Hfootnote=\count275
)
Package hyperref Info: Driver (autodetected): hpdftex.
(/usr/local/texlive/2021/texmf-dist/tex/latex/hyperref/hpdftex.def
File: hpdftex.def 2021-02-27 v7.00k Hyperref driver for pdfTeX
(/usr/local/texlive/2021/texmf-dist/tex/latex/base/atveryend-ltx.sty
Package: atveryend-ltx 2020/08/19 v1.0a Emulation of the original atvery packag
e
with kernel methods
)
\Fld@listcount=\count276
\c@bookmark@seq@number=\count277

(/usr/local/texlive/2021/texmf-dist/tex/latex/rerunfilecheck/rerunfilecheck.sty
Package: rerunfilecheck 2019/12/05 v1.9 Rerun checks for auxiliary files (HO)

(/usr/local/texlive/2021/texmf-dist/tex/generic/uniquecounter/uniquecounter.sty
Package: uniquecounter 2019/12/15 v1.4 Provide unlimited unique counter (HO)
)
Package uniquecounter Info: New unique counter `rerunfilecheck' on input line 2
86.
)
\Hy@SectionHShift=\skip53
) (/usr/local/texlive/2021/texmf-dist/tex/latex/bookmark/bkm-pdftex.def
File: bkm-pdftex.def 2020-11-06 v1.29 bookmark driver for pdfTeX (HO)
\BKM@id=\count278
)) (/usr/local/texlive/2021/texmf-dist/tex/latex/geometry/geometry.sty
Package: geometry 2020/01/02 v5.9 Page Geometry
(/usr/local/texlive/2021/texmf-dist/tex/generic/iftex/ifvtex.sty
Package: ifvtex 2019/10/25 v1.7 ifvtex legacy package. Use iftex instead.
)
\Gm@cnth=\count279
\Gm@cntv=\count280
\c@Gm@tempcnt=\count281
\Gm@bindingoffset=\dimen153
\Gm@wd@mp=\dimen154
\Gm@odd@mp=\dimen155
\Gm@even@mp=\dimen156
\Gm@layoutwidth=\dimen157
\Gm@layoutheight=\dimen158
\Gm@layouthoffset=\dimen159
\Gm@layoutvoffset=\dimen160
\Gm@dimlist=\toks24
) (/usr/local/texlive/2021/texmf-dist/tex/latex/fancyvrb/fancyvrb.sty
Package: fancyvrb 2021/01/20 v3.7 verbatim text (tvz,hv)
\FV@CodeLineNo=\count282
\FV@InFile=\read2
\FV@TabBox=\box49
\c@FancyVerbLine=\count283
\FV@StepNumber=\count284
\FV@OutFile=\write3
) (/usr/local/texlive/2021/texmf-dist/tex/latex/framed/framed.sty
Package: framed 2011/10/22 v 0.96: framed or shaded text with page breaks
\OuterFrameSep=\skip54
\fb@frw=\dimen161
\fb@frh=\dimen162
\FrameRule=\dimen163
\FrameSep=\dimen164
) (/usr/local/texlive/2021/texmf-dist/tex/latex/graphics/graphicx.sty
Package: graphicx 2020/09/09 v1.2b Enhanced LaTeX Graphics (DPC,SPQR)
(/usr/local/texlive/2021/texmf-dist/tex/latex/graphics/graphics.sty
Package: graphics 2020/08/30 v1.4c Standard LaTeX Graphics (DPC,SPQR)
(/usr/local/texlive/2021/texmf-dist/tex/latex/graphics/trig.sty
Package: trig 2016/01/03 v1.10 sin cos tan (DPC)
) (/usr/local/texlive/2021/texmf-dist/tex/latex/graphics-cfg/graphics.cfg
File: graphics.cfg 2016/06/04 v1.11 sample graphics configuration
)
Package graphics Info: Driver file: pdftex.def on input line 105.
)
\Gin@req@height=\dimen165
\Gin@req@width=\dimen166
) (/usr/local/texlive/2021/texmf-dist/tex/latex/bbm-macros/bbm.sty
Package: bbm 1999/03/15 V 1.2 provides fonts for set symbols - TH
LaTeX Font Info:    Overwriting math alphabet `\mathbbm' in version `bold'
(Font)                  U/bbm/m/n --> U/bbm/bx/n on input line 33.
LaTeX Font Info:    Overwriting math alphabet `\mathbbmss' in version `bold'
(Font)                  U/bbmss/m/n --> U/bbmss/bx/n on input line 35.
)
(/usr/local/texlive/2021/texmf-dist/tex/latex/threeparttable/threeparttable.sty
Package: threeparttable 2003/06/13  v 3.0
\@tempboxb=\box50
) (/usr/local/texlive/2021/texmf-dist/tex/latex/doublestroke/dsfont.sty
Package: dsfont 1995/08/01 v0.1 Double stroke roman fonts
) (/usr/local/texlive/2021/texmf-dist/tex/latex/zref/zref-user.sty
Package: zref-user 2020-07-03 v2.32 Module user for zref (HO)
(/usr/local/texlive/2021/texmf-dist/tex/latex/zref/zref-base.sty
Package: zref-base 2020-07-03 v2.32 Module base for zref (HO)
Package zref Info: New property list: main on input line 764.
Package zref Info: New property: default on input line 765.
Package zref Info: New property: page on input line 766.
)) (/usr/local/texlive/2021/texmf-dist/tex/latex/booktabs/booktabs.sty
Package: booktabs 2020/01/12 v1.61803398 Publication quality tables
\heavyrulewidth=\dimen167
\lightrulewidth=\dimen168
\cmidrulewidth=\dimen169
\belowrulesep=\dimen170
\belowbottomsep=\dimen171
\aboverulesep=\dimen172
\abovetopsep=\dimen173
\cmidrulesep=\dimen174
\cmidrulekern=\dimen175
\defaultaddspace=\dimen176
\@cmidla=\count285
\@cmidlb=\count286
\@aboverulesep=\dimen177
\@belowrulesep=\dimen178
\@thisruleclass=\count287
\@lastruleclass=\count288
\@thisrulewidth=\dimen179
) (/usr/local/texlive/2021/texmf-dist/tex/latex/tools/longtable.sty
Package: longtable 2020/01/07 v4.13 Multi-page Table package (DPC)
\LTleft=\skip55
\LTright=\skip56
\LTpre=\skip57
\LTpost=\skip58
\LTchunksize=\count289
\LTcapwidth=\dimen180
\LT@head=\box51
\LT@firsthead=\box52
\LT@foot=\box53
\LT@lastfoot=\box54
\LT@cols=\count290
\LT@rows=\count291
\c@LT@tables=\count292
\c@LT@chunks=\count293
\LT@p@ftn=\toks25
) (/usr/local/texlive/2021/texmf-dist/tex/latex/tools/array.sty
Package: array 2020/10/01 v2.5c Tabular extension package (FMi)
\col@sep=\dimen181
\ar@mcellbox=\box55
\extrarowheight=\dimen182
\NC@list=\toks26
\extratabsurround=\skip59
\backup@length=\skip60
\ar@cellbox=\box56
) (/usr/local/texlive/2021/texmf-dist/tex/latex/multirow/multirow.sty
Package: multirow 2021/03/15 v2.8 Span multiple rows of a table
\multirow@colwidth=\skip61
\multirow@cntb=\count294
\multirow@dima=\skip62
\bigstrutjot=\dimen183
) (/usr/local/texlive/2021/texmf-dist/tex/latex/wrapfig/wrapfig.sty
\wrapoverhang=\dimen184
\WF@size=\dimen185
\c@WF@wrappedlines=\count295
\WF@box=\box57
\WF@everypar=\toks27
Package: wrapfig 2003/01/31  v 3.6
) (/usr/local/texlive/2021/texmf-dist/tex/latex/float/float.sty
Package: float 2001/11/08 v1.3d Float enhancements (AL)
\c@float@type=\count296
\float@exts=\toks28
\float@box=\box58
\@float@everytoks=\toks29
\@floatcapt=\box59
) (/usr/local/texlive/2021/texmf-dist/tex/latex/colortbl/colortbl.sty
Package: colortbl 2020/01/04 v1.0e Color table columns (DPC)
\everycr=\toks30
\minrowclearance=\skip63
) (/usr/local/texlive/2021/texmf-dist/tex/latex/pdflscape/pdflscape.sty
Package: pdflscape 2019/12/05 v0.12 Display of landscape pages in PDF (HO)
(/usr/local/texlive/2021/texmf-dist/tex/latex/graphics/lscape.sty
Package: lscape 2020/05/28 v3.02 Landscape Pages (DPC)
)
Package pdflscape Info: Auto-detected driver: pdftex on input line 81.
) (/usr/local/texlive/2021/texmf-dist/tex/latex/tabu/tabu.sty
Package: tabu 2019/01/11 v2.9 - flexible LaTeX tabulars (FC+tabu-fixed)
(/usr/local/texlive/2021/texmf-dist/tex/latex/varwidth/varwidth.sty
Package: varwidth 2009/03/30 ver 0.92;  Variable-width minipages
\@vwid@box=\box60
\sift@deathcycles=\count297
\@vwid@loff=\dimen186
\@vwid@roff=\dimen187
)
\c@taburow=\count298
\tabu@nbcols=\count299
\tabu@cnt=\count300
\tabu@Xcol=\count301
\tabu@alloc=\count302
\tabu@nested=\count303
\tabu@target=\dimen188
\tabu@spreadtarget=\dimen189
\tabu@naturalX=\dimen190
\tabucolX=\dimen191
\tabu@Xsum=\dimen192
\extrarowdepth=\dimen193
\abovetabulinesep=\dimen194
\belowtabulinesep=\dimen195
\tabustrutrule=\dimen196
\tabu@thebody=\toks31
\tabu@footnotes=\toks32
\tabu@box=\box61
\tabu@arstrutbox=\box62
\tabu@hleads=\box63
\tabu@vleads=\box64
\tabu@cellskip=\skip64
)
(/usr/local/texlive/2021/texmf-dist/tex/latex/threeparttablex/threeparttablex.s
ty
Package: threeparttablex 2013/07/23 v0.3 by daleif
(/usr/local/texlive/2021/texmf-dist/tex/latex/environ/environ.sty
Package: environ 2014/05/04 v0.3 A new way to define environments
(/usr/local/texlive/2021/texmf-dist/tex/latex/trimspaces/trimspaces.sty
Package: trimspaces 2009/09/17 v1.1 Trim spaces around a token list
))
\TPTL@width=\skip65
) (/usr/local/texlive/2021/texmf-dist/tex/generic/ulem/ulem.sty
\UL@box=\box65
\UL@hyphenbox=\box66
\UL@skip=\skip66
\UL@hook=\toks33
\UL@height=\dimen197
\UL@pe=\count304
\UL@pixel=\dimen198
\ULC@box=\box67
Package: ulem 2019/11/18
\ULdepth=\dimen199
) (/usr/local/texlive/2021/texmf-dist/tex/latex/makecell/makecell.sty
Package: makecell 2009/08/03 V0.1e Managing of Tab Column Heads and Cells
\rotheadsize=\dimen256
\c@nlinenum=\count305
\TeXr@lab=\toks34
)
\cslhangindent=\skip67
\csllabelwidth=\skip68
(/usr/local/texlive/2021/texmf-dist/tex/latex/tools/calc.sty
Package: calc 2017/05/25 v4.3 Infix arithmetic (KKT,FJ)
\calc@Acount=\count306
\calc@Bcount=\count307
\calc@Adimen=\dimen257
\calc@Bdimen=\dimen258
\calc@Askip=\skip69
\calc@Bskip=\skip70
LaTeX Info: Redefining \setlength on input line 80.
LaTeX Info: Redefining \addtolength on input line 81.
\calc@Ccount=\count308
\calc@Cskip=\skip71
) (/usr/local/texlive/2021/texmf-dist/tex/latex/l3backend/l3backend-pdftex.def
File: l3backend-pdftex.def 2021-03-18 L3 backend support: PDF output (pdfTeX)
\l__color_backend_stack_int=\count309
\l__pdf_internal_box=\box68
) (./Modelisation_benford.aux)
\openout1 = `Modelisation_benford.aux'.

LaTeX Font Info:    Checking defaults for OML/cmm/m/it on input line 147.
LaTeX Font Info:    ... okay on input line 147.
LaTeX Font Info:    Checking defaults for OMS/cmsy/m/n on input line 147.
LaTeX Font Info:    ... okay on input line 147.
LaTeX Font Info:    Checking defaults for OT1/cmr/m/n on input line 147.
LaTeX Font Info:    ... okay on input line 147.
LaTeX Font Info:    Checking defaults for T1/cmr/m/n on input line 147.
LaTeX Font Info:    ... okay on input line 147.
LaTeX Font Info:    Checking defaults for TS1/cmr/m/n on input line 147.
LaTeX Font Info:    ... okay on input line 147.
LaTeX Font Info:    Checking defaults for OMX/cmex/m/n on input line 147.
LaTeX Font Info:    ... okay on input line 147.
LaTeX Font Info:    Checking defaults for U/cmr/m/n on input line 147.
LaTeX Font Info:    ... okay on input line 147.
LaTeX Font Info:    Checking defaults for PD1/pdf/m/n on input line 147.
LaTeX Font Info:    ... okay on input line 147.
LaTeX Font Info:    Checking defaults for PU/pdf/m/n on input line 147.
LaTeX Font Info:    ... okay on input line 147.
LaTeX Info: Redefining \microtypecontext on input line 147.
Package microtype Info: Generating PDF output.
Package microtype Info: Character protrusion enabled (level 2).
Package microtype Info: Using protrusion set `basicmath'.
Package microtype Info: Automatic font expansion enabled (level 2),
(microtype)             stretch: 20, shrink: 20, step: 1, non-selected.
Package microtype Info: Using default expansion set `alltext-nott'.
LaTeX Info: Redefining \showhyphens on input line 147.
Package microtype Info: No adjustment of tracking.
Package microtype Info: No adjustment of interword spacing.
Package microtype Info: No adjustment of character kerning.
(/usr/local/texlive/2021/texmf-dist/tex/latex/microtype/mt-cmr.cfg
File: mt-cmr.cfg 2013/05/19 v2.2 microtype config. file: Computer Modern Roman 
(RS)
) (/usr/local/texlive/2021/texmf-dist/tex/context/base/mkii/supp-pdf.mkii
[Loading MPS to PDF converter (version 2006.09.02).]
\scratchcounter=\count310
\scratchdimen=\dimen259
\scratchbox=\box69
\nofMPsegments=\count311
\nofMParguments=\count312
\everyMPshowfont=\toks35
\MPscratchCnt=\count313
\MPscratchDim=\dimen260
\MPnumerator=\count314
\makeMPintoPDFobject=\count315
\everyMPtoPDFconversion=\toks36
) (/usr/local/texlive/2021/texmf-dist/tex/latex/epstopdf-pkg/epstopdf-base.sty
Package: epstopdf-base 2020-01-24 v2.11 Base part for package epstopdf
Package epstopdf-base Info: Redefining graphics rule for `.eps' on input line 4
85.
(/usr/local/texlive/2021/texmf-dist/tex/latex/latexconfig/epstopdf-sys.cfg
File: epstopdf-sys.cfg 2010/07/13 v1.3 Configuration of (r)epstopdf for TeX Liv
e
))
Package hyperref Info: Link coloring OFF on input line 147.
(/usr/local/texlive/2021/texmf-dist/tex/latex/hyperref/nameref.sty
Package: nameref 2021-04-02 v2.47 Cross-referencing by name of section
(/usr/local/texlive/2021/texmf-dist/tex/latex/refcount/refcount.sty
Package: refcount 2019/12/15 v3.6 Data extraction from label references (HO)
)
(/usr/local/texlive/2021/texmf-dist/tex/generic/gettitlestring/gettitlestring.s
ty
Package: gettitlestring 2019/12/15 v1.6 Cleanup title references (HO)
)
\c@section@level=\count316
)
LaTeX Info: Redefining \ref on input line 147.
LaTeX Info: Redefining \pageref on input line 147.
LaTeX Info: Redefining \nameref on input line 147.
*geometry* driver: auto-detecting
*geometry* detected driver: pdftex
*geometry* verbose mode - [ preamble ] result:
* driver: pdftex
* paper: <default>
* layout: <same size as paper>
* layoutoffset:(h,v)=(0.0pt,0.0pt)
* modes: 
* h-part:(L,W,R)=(72.26999pt, 469.75502pt, 72.26999pt)
* v-part:(T,H,B)=(72.26999pt, 650.43001pt, 72.26999pt)
* \paperwidth=614.295pt
* \paperheight=794.96999pt
* \textwidth=469.75502pt
* \textheight=650.43001pt
* \oddsidemargin=0.0pt
* \evensidemargin=0.0pt
* \topmargin=-37.0pt
* \headheight=12.0pt
* \headsep=25.0pt
* \topskip=10.0pt
* \footskip=30.0pt
* \marginparwidth=65.0pt
* \marginparsep=11.0pt
* \columnsep=10.0pt
* \skip\footins=9.0pt plus 4.0pt minus 2.0pt
* \hoffset=0.0pt
* \voffset=0.0pt
* \mag=1000
* \@twocolumnfalse
* \@twosidefalse
* \@mparswitchfalse
* \@reversemarginfalse
* (1in=72.27pt=25.4mm, 1cm=28.453pt)

LaTeX Font Info:    Trying to load font information for OT1+lmr on input line 1
49.
(/usr/local/texlive/2021/texmf-dist/tex/latex/lm/ot1lmr.fd
File: ot1lmr.fd 2015/05/01 v1.6.1 Font defs for Latin Modern
)
LaTeX Font Info:    Trying to load font information for OML+lmm on input line 1
49.
(/usr/local/texlive/2021/texmf-dist/tex/latex/lm/omllmm.fd
File: omllmm.fd 2015/05/01 v1.6.1 Font defs for Latin Modern
)
LaTeX Font Info:    Trying to load font information for OMS+lmsy on input line 
149.
(/usr/local/texlive/2021/texmf-dist/tex/latex/lm/omslmsy.fd
File: omslmsy.fd 2015/05/01 v1.6.1 Font defs for Latin Modern
)
LaTeX Font Info:    Trying to load font information for OMX+lmex on input line 
149.
(/usr/local/texlive/2021/texmf-dist/tex/latex/lm/omxlmex.fd
File: omxlmex.fd 2015/05/01 v1.6.1 Font defs for Latin Modern
)
LaTeX Font Info:    External font `lmex10' loaded for size
(Font)              <12> on input line 149.
LaTeX Font Info:    External font `lmex10' loaded for size
(Font)              <8> on input line 149.
LaTeX Font Info:    External font `lmex10' loaded for size
(Font)              <6> on input line 149.
LaTeX Font Info:    Trying to load font information for U+msa on input line 149
.
(/usr/local/texlive/2021/texmf-dist/tex/latex/amsfonts/umsa.fd
File: umsa.fd 2013/01/14 v3.01 AMS symbols A
) (/usr/local/texlive/2021/texmf-dist/tex/latex/microtype/mt-msa.cfg
File: mt-msa.cfg 2006/02/04 v1.1 microtype config. file: AMS symbols (a) (RS)
)
LaTeX Font Info:    Trying to load font information for U+msb on input line 149
.
(/usr/local/texlive/2021/texmf-dist/tex/latex/amsfonts/umsb.fd
File: umsb.fd 2013/01/14 v3.01 AMS symbols B
) (/usr/local/texlive/2021/texmf-dist/tex/latex/microtype/mt-msb.cfg
File: mt-msb.cfg 2005/06/01 v1.0 microtype config. file: AMS symbols (b) (RS)
) (./Modelisation_benford.toc
LaTeX Font Info:    External font `lmex10' loaded for size
(Font)              <10> on input line 1.
LaTeX Font Info:    External font `lmex10' loaded for size
(Font)              <7> on input line 1.
LaTeX Font Info:    External font `lmex10' loaded for size
(Font)              <5> on input line 1.
)
\tf@toc=\write4
\openout4 = `Modelisation_benford.toc'.

[1

{/usr/local/texlive/2021/texmf-var/fonts/map/pdftex/updmap/pdftex.map}] [2]
LaTeX Font Info:    Trying to load font information for U+dsrom on input line 3
52.
(/usr/local/texlive/2021/texmf-dist/tex/latex/doublestroke/Udsrom.fd
File: Udsrom.fd 1995/08/01 v0.1 Double stroke roman font definitions
)
Package microtype Info: Fixing zero fontdimen6 for font `U/dsrom/m/n/10'
(microtype)             (new value: 10.0pt) on input line 352.
Package microtype Info: Fixing zero fontdimen6 for font `U/dsrom/m/n/7'
(microtype)             (new value: 7.0pt) on input line 352.
Package microtype Info: Fixing zero fontdimen6 for font `U/dsrom/m/n/5'
(microtype)             (new value: 5.0pt) on input line 352.
[3]
<benlaw1.png, id=95, 805.0075pt x 506.89375pt>
File: benlaw1.png Graphic file (type png)
<use benlaw1.png>
Package pdftex.def Info: benlaw1.png  used on input line 425.
(pdftex.def)             Requested size: 341.42966pt x 214.98999pt.

LaTeX Warning: Command \textdegree invalid in math mode on input line 453.

LaTeX Font Info:    Trying to load font information for TS1+lmr on input line 4
53.
(/usr/local/texlive/2021/texmf-dist/tex/latex/lm/ts1lmr.fd
File: ts1lmr.fd 2015/05/01 v1.6.1 Font defs for Latin Modern
)

LaTeX Warning: Command \textdegree invalid in math mode on input line 453.

[4pdfTeX warning (ext4): destination with the same identifier (name{figure.1}) 
has been already used, duplicate ignored
<argument> ...shipout:D \box_use:N \l_shipout_box 
                                                  
l.460 \end{figure}
                  pdfTeX warning (ext4): destination with the same identifier (
name{figure.2}) has been already used, duplicate ignored
<argument> ...shipout:D \box_use:N \l_shipout_box 
                                                  
l.460 \end{figure}
                   <./benlaw1.png>]
Overfull \hbox (8.26053pt too wide) in paragraph at lines 484--488
[]\T1/lmr/m/n/10 (-20) La prob-a-bil-ité qu'un nom-bre com-mence par $\OT1/lmr/
m/n/10 (-20) 314$\T1/lmr/m/n/10 (-20) , comme $\OT1/lmr/m/n/10 (-20) 3\OML/lmm/
m/it/10 ; \OT1/lmr/m/n/10 (-20) 14159 []  \OML/lmm/m/it/10 ; \OT1/lmr/m/n/10 (-
20) 314285\OML/lmm/m/it/10 ; \OT1/lmr/m/n/10 (-20) 7 []  [][] []0\OML/lmm/m/it/
10 ; \OT1/lmr/m/n/10 (-20) 00314465 []$
 []

[5pdfTeX warning (ext4): destination with the same identifier (name{figure.3}) 
has been already used, duplicate ignored
<argument> ...shipout:D \box_use:N \l_shipout_box 
                                                  
l.552 
      ]

LaTeX Warning: Command \textendash invalid in math mode on input line 600.


LaTeX Warning: Command \textendash invalid in math mode on input line 600.

[6]
Overfull \hbox (18.76662pt too wide) detected at line 735
\OML/lmm/m/it/10 D[]\OT1/lmr/m/n/10 (\OML/lmm/m/it/10 F; []\OT1/lmr/m/n/10 ) = 
[] [] [] [] [] [] 
 []

[7]
<DistanceKS.png, id=133, 378.41376pt x 330.23375pt>
File: DistanceKS.png Graphic file (type png)
<use DistanceKS.png>
Package pdftex.def Info: DistanceKS.png  used on input line 747.
(pdftex.def)             Requested size: 227.62164pt x 198.64063pt.

LaTeX Warning: Citation `b' on page 8 undefined on input line 810.

[8pdfTeX warning (ext4): destination with the same identifier (name{figure.4}) 
has been already used, duplicate ignored
<argument> ...shipout:D \box_use:N \l_shipout_box 
                                                  
l.812 
       <./DistanceKS.png>] [9]
<h1.png, id=156, 588.1975pt x 373.395pt>
File: h1.png Graphic file (type png)
<use h1.png>
Package pdftex.def Info: h1.png  used on input line 861.
(pdftex.def)             Requested size: 341.43301pt x 216.74586pt.
<disbenf.png, id=157, 777.90625pt x 519.9425pt>
File: disbenf.png Graphic file (type png)
<use disbenf.png>
Package pdftex.def Info: disbenf.png  used on input line 885.
(pdftex.def)             Requested size: 341.43704pt x 228.21211pt.
[10pdfTeX warning (ext4): destination with the same identifier (name{figure.5})
 has been already used, duplicate ignored
<argument> ...shipout:D \box_use:N \l_shipout_box 
                                                  
l.900 
      pdfTeX warning (ext4): destination with the same identifier (name{figure.
6}) has been already used, duplicate ignored
<argument> ...shipout:D \box_use:N \l_shipout_box 
                                                  
l.900 
       <./h1.png> <./disbenf.png>]
<benfh0.png, id=166, 778.91pt x 502.87875pt>
File: benfh0.png Graphic file (type png)
<use benfh0.png>
Package pdftex.def Info: benfh0.png  used on input line 905.
(pdftex.def)             Requested size: 341.42598pt x 220.43094pt.
[11pdfTeX warning (ext4): destination with the same identifier (name{figure.7})
 has been already used, duplicate ignored
<argument> ...shipout:D \box_use:N \l_shipout_box 
                                                  
l.972 
       <./benfh0.png>]

LaTeX Warning: Command \textellipsis invalid in math mode on input line 1009.


LaTeX Warning: Command \textellipsis invalid in math mode on input line 1055.


LaTeX Warning: Command \textellipsis invalid in math mode on input line 1056.


LaTeX Warning: Command \textellipsis invalid in math mode on input line 1063.

[12]
<ECDF1.pdf, id=187, 505.89pt x 361.35pt>
File: ECDF1.pdf Graphic file (type pdf)
<use ECDF1.pdf>
Package pdftex.def Info: ECDF1.pdf  used on input line 1162.
(pdftex.def)             Requested size: 341.43785pt x 243.88419pt.
[13]
<ECDF2.pdf, id=193, 505.89pt x 361.35pt>
File: ECDF2.pdf Graphic file (type pdf)
<use ECDF2.pdf>
Package pdftex.def Info: ECDF2.pdf  used on input line 1167.
(pdftex.def)             Requested size: 341.43785pt x 243.88419pt.
<ECDF3.pdf, id=194, 505.89pt x 361.35pt>
File: ECDF3.pdf Graphic file (type pdf)
<use ECDF3.pdf>
Package pdftex.def Info: ECDF3.pdf  used on input line 1172.
(pdftex.def)             Requested size: 341.43785pt x 243.88419pt.
[14 <./ECDF1.pdf> <./ECDF2.pdf>]
<ECDF4.pdf, id=211, 505.89pt x 361.35pt>
File: ECDF4.pdf Graphic file (type pdf)
<use ECDF4.pdf>
Package pdftex.def Info: ECDF4.pdf  used on input line 1177.
(pdftex.def)             Requested size: 341.43785pt x 243.88419pt.
<ECDF5.pdf, id=212, 505.89pt x 361.35pt>
File: ECDF5.pdf Graphic file (type pdf)
<use ECDF5.pdf>
Package pdftex.def Info: ECDF5.pdf  used on input line 1191.
(pdftex.def)             Requested size: 341.43785pt x 243.88419pt.
[15 <./ECDF3.pdf> <./ECDF4.pdf>]

LaTeX Warning: Command \textellipsis invalid in math mode on input line 1212.


LaTeX Warning: Command \textellipsis invalid in math mode on input line 1219.

[16 <./ECDF5.pdf>]
<Capture1.JPG, id=243, 785.93625pt x 312.56775pt>
File: Capture1.JPG Graphic file (type jpg)
<use Capture1.JPG>
Package pdftex.def Info: Capture1.JPG  used on input line 1272.
(pdftex.def)             Requested size: 341.43579pt x 135.7894pt.
<Rplot1.pdf, id=244, 505.89pt x 361.35pt>
File: Rplot1.pdf Graphic file (type pdf)
<use Rplot1.pdf>
Package pdftex.def Info: Rplot1.pdf  used on input line 1312.
(pdftex.def)             Requested size: 341.43785pt x 243.88419pt.
[17 <./Capture1.JPG>]
<Rplot2.pdf, id=249, 505.89pt x 361.35pt>
File: Rplot2.pdf Graphic file (type pdf)
<use Rplot2.pdf>
Package pdftex.def Info: Rplot2.pdf  used on input line 1317.
(pdftex.def)             Requested size: 341.43785pt x 243.88419pt.
[18 <./Rplot1.pdf> <./Rplot2.pdf>]
<tab2D.png, id=270, 630.355pt x 456.70625pt>
File: tab2D.png Graphic file (type png)
<use tab2D.png>
Package pdftex.def Info: tab2D.png  used on input line 1390.
(pdftex.def)             Requested size: 455.24992pt x 329.83871pt.
[19pdfTeX warning (ext4): destination with the same identifier (name{figure.8})
 has been already used, duplicate ignored
<argument> ...shipout:D \box_use:N \l_shipout_box 
                                                  
l.1408 
        <./tab2D.png>]
<cambo.png, id=280, 575.14874pt x 370.38374pt>
File: cambo.png Graphic file (type png)
<use cambo.png>
Package pdftex.def Info: cambo.png  used on input line 1411.
(pdftex.def)             Requested size: 14.22597pt x 9.16122pt.
<como.png, id=282, 576.1525pt x 345.29pt>
File: como.png Graphic file (type png)
<use como.png>
Package pdftex.def Info: como.png  used on input line 1414.
(pdftex.def)             Requested size: 14.22443pt x 8.52473pt.
<eri.png, id=284, 576.1525pt x 286.06876pt>
File: eri.png Graphic file (type png)
<use eri.png>
Package pdftex.def Info: eri.png  used on input line 1417.
(pdftex.def)             Requested size: 14.22443pt x 7.06265pt.
<malou.png, id=286, 577.15625pt x 290.08376pt>
File: malou.png Graphic file (type png)
<use malou.png>
Package pdftex.def Info: malou.png  used on input line 1420.
(pdftex.def)             Requested size: 14.2228pt x 7.1485pt.
<gui.png, id=288, 576.1525pt x 287.0725pt>
File: gui.png Graphic file (type png)
<use gui.png>
Package pdftex.def Info: gui.png  used on input line 1424.
(pdftex.def)             Requested size: 14.22443pt x 7.08743pt.
<maldi.png, id=290, 572.1375pt x 377.41pt>
File: maldi.png Graphic file (type png)
<use maldi.png>
Package pdftex.def Info: maldi.png  used on input line 1428.
(pdftex.def)             Requested size: 14.22133pt x 9.38109pt.
<mont.png, id=292, 576.1525pt x 290.08376pt>
File: mont.png Graphic file (type png)
<use mont.png>
Package pdftex.def Info: mont.png  used on input line 1431.
(pdftex.def)             Requested size: 14.22443pt x 7.16177pt.
<tome.png, id=294, 575.14874pt x 286.06876pt>
File: tome.png Graphic file (type png)
<use tome.png>
Package pdftex.def Info: tome.png  used on input line 1434.
(pdftex.def)             Requested size: 14.22597pt x 7.07574pt.
<cor.png, id=296, 555.07375pt x 350.30875pt>
File: cor.png Graphic file (type png)
<use cor.png>
Package pdftex.def Info: cor.png  used on input line 1438.
(pdftex.def)             Requested size: 14.22067pt x 8.9747pt.
<sri.png, id=298, 575.14874pt x 286.06876pt>
File: sri.png Graphic file (type png)
<use sri.png>
Package pdftex.def Info: sri.png  used on input line 1441.
(pdftex.def)             Requested size: 14.22597pt x 7.07574pt.
<benrep2.png, id=300, 839.135pt x 528.97626pt>
File: benrep2.png Graphic file (type png)
<use benrep2.png>
Package pdftex.def Info: benrep2.png  used on input line 1465.
(pdftex.def)             Requested size: 341.43552pt x 215.23508pt.
[20pdfTeX warning (ext4): destination with the same identifier (name{figure.9})
 has been already used, duplicate ignored
<argument> ...shipout:D \box_use:N \l_shipout_box 
                                                  
l.1482 \newpage
                <./cambo.png> <./como.png> <./eri.png> <./malou.png> <./gui.png
> <./maldi.png> <./mont.png> <./tome.png> <./cor.png> <./sri.png> <./benrep2.pn
g>] [21] (./Modelisation_benford.bbl) [22]
Overfull \hbox (11.07745pt too wide) in paragraph at lines 1523--1624
 [][] 
 []

[23] [24] [25pdfTeX warning (ext4): destination with the same identifier (name{
figure.10}) has been already used, duplicate ignored
<argument> ...shipout:D \box_use:N \l_shipout_box 
                                                  
l.1777 \newpage
               ]
Overfull \hbox (11.07745pt too wide) in paragraph at lines 1786--1887
 [][] 
 []

[26] [27]
LaTeX Font Info:    Trying to load font information for T1+lmtt on input line 2
043.
(/usr/local/texlive/2021/texmf-dist/tex/latex/lm/t1lmtt.fd
File: t1lmtt.fd 2015/05/01 v1.6.1 Font defs for Latin Modern
)
LaTeX Font Info:    Trying to load font information for TS1+lmtt on input line 
2063.
(/usr/local/texlive/2021/texmf-dist/tex/latex/lm/ts1lmtt.fd
File: ts1lmtt.fd 2015/05/01 v1.6.1 Font defs for Latin Modern
)
LaTeX Font Info:    Font shape `T1/lmtt/bx/n' in size <10> not available
(Font)              Font shape `T1/lmtt/b/n' tried instead on input line 2069.
[28pdfTeX warning (ext4): destination with the same identifier (name{figure.11}
) has been already used, duplicate ignored
<argument> ...shipout:D \box_use:N \l_shipout_box 
                                                  
l.2236 \end{Shaded}
                   ]
Underfull \vbox (badness 10000) detected at line 2236
 []


Underfull \vbox (badness 10000) detected at line 2236
 []

[29]
Underfull \vbox (badness 10000) detected at line 2236
 []


Underfull \vbox (badness 10000) detected at line 2236
 []

[30]

LaTeX Font Warning: Font shape `T1/lmtt/bx/it' in size <10> not available
(Font)              Font shape `T1/lmtt/b/sl' tried instead on input line 2312.



Underfull \vbox (badness 10000) detected at line 3492
 []

[31]
Underfull \vbox (badness 10000) detected at line 3492
 []


Underfull \vbox (badness 10000) detected at line 3492
 []

[32]
Underfull \vbox (badness 10000) detected at line 3492
 []


Underfull \vbox (badness 10000) detected at line 3492
 []

[33]
Underfull \vbox (badness 10000) detected at line 3492
 []


Underfull \vbox (badness 10000) detected at line 3492
 []

[34]
Underfull \vbox (badness 10000) detected at line 3492
 []


Underfull \vbox (badness 10000) detected at line 3492
 []

[35]
Underfull \vbox (badness 10000) detected at line 3492
 []


Underfull \vbox (badness 10000) detected at line 3492
 []

[36]
Underfull \vbox (badness 10000) detected at line 3492
 []


Underfull \vbox (badness 10000) detected at line 3492
 []

[37]
Underfull \vbox (badness 10000) detected at line 3492
 []


Underfull \vbox (badness 10000) detected at line 3492
 []

[38]
Underfull \vbox (badness 10000) detected at line 3492
 []


Underfull \vbox (badness 10000) detected at line 3492
 []

[39]
Underfull \vbox (badness 10000) detected at line 3492
 []


Underfull \vbox (badness 10000) detected at line 3492
 []

[40]
Underfull \vbox (badness 10000) detected at line 3492
 []


Underfull \vbox (badness 10000) detected at line 3492
 []

[41]
Underfull \vbox (badness 10000) detected at line 3492
 []


Underfull \vbox (badness 10000) detected at line 3492
 []

[42]
Underfull \vbox (badness 10000) detected at line 3492
 []


Underfull \vbox (badness 10000) detected at line 3492
 []

[43]
Underfull \vbox (badness 10000) detected at line 3492
 []


Underfull \vbox (badness 10000) detected at line 3492
 []

[44]
Underfull \vbox (badness 10000) detected at line 3492
 []


Underfull \vbox (badness 10000) detected at line 3492
 []

[45]
Underfull \vbox (badness 10000) detected at line 3492
 []


Underfull \vbox (badness 10000) detected at line 3492
 []

[46]
Underfull \vbox (badness 10000) detected at line 3492
 []


Underfull \vbox (badness 10000) detected at line 3492
 []

[47]
Underfull \vbox (badness 10000) detected at line 3492
 []


Underfull \vbox (badness 10000) detected at line 3492
 []

[48]
Underfull \vbox (badness 10000) detected at line 3492
 []


Underfull \vbox (badness 10000) detected at line 3492
 []

[49]
Underfull \vbox (badness 10000) detected at line 3492
 []


Underfull \vbox (badness 10000) detected at line 3492
 []

[50]
Underfull \vbox (badness 10000) detected at line 3492
 []


Underfull \vbox (badness 10000) detected at line 3492
 []

[51]
Underfull \vbox (badness 10000) detected at line 3492
 []


Underfull \vbox (badness 10000) detected at line 3492
 []

[52]
Underfull \vbox (badness 10000) detected at line 3492
 []


Underfull \vbox (badness 10000) detected at line 3492
 []

[53]
Underfull \vbox (badness 10000) detected at line 3492
 []


Underfull \vbox (badness 10000) detected at line 3492
 []

[54] [55] [56] (./Modelisation_benford.aux)

LaTeX Warning: There were undefined references.

 ) 
Here is how much of TeX's memory you used:
 15312 strings out of 478994
 227141 string characters out of 5858184
 852894 words of memory out of 5000000
 32095 multiletter control sequences out of 15000+600000
 479214 words of font info for 182 fonts, out of 8000000 for 9000
 1141 hyphenation exceptions out of 8191
 85i,12n,88p,1217b,415s stack positions out of 5000i,500n,10000p,200000b,80000s
{/usr/local/texlive/2021/texmf-dist/fonts/enc/dvips/lm/lm-ec.enc}{/usr/local/
texlive/2021/texmf-dist/fonts/enc/dvips/lm/lm-ts1.enc}{/usr/local/texlive/2021/
texmf-dist/fonts/enc/dvips/lm/lm-mathsy.enc}{/usr/local/texlive/2021/texmf-dist
/fonts/enc/dvips/lm/lm-mathit.enc}{/usr/local/texlive/2021/texmf-dist/fonts/enc
/dvips/lm/lm-rm.enc}{/usr/local/texlive/2021/texmf-dist/fonts/enc/dvips/lm/lm-m
athex.enc}</usr/local/texlive/2021/texmf-dist/fonts/type1/public/doublestroke/d
srom10.pfb></usr/local/texlive/2021/texmf-dist/fonts/type1/public/lm/lmbx10.pfb
></usr/local/texlive/2021/texmf-dist/fonts/type1/public/lm/lmbx12.pfb></usr/loc
al/texlive/2021/texmf-dist/fonts/type1/public/lm/lmex10.pfb></usr/local/texlive
/2021/texmf-dist/fonts/type1/public/lm/lmmi10.pfb></usr/local/texlive/2021/texm
f-dist/fonts/type1/public/lm/lmmi5.pfb></usr/local/texlive/2021/texmf-dist/font
s/type1/public/lm/lmmi7.pfb></usr/local/texlive/2021/texmf-dist/fonts/type1/pub
lic/lm/lmr10.pfb></usr/local/texlive/2021/texmf-dist/fonts/type1/public/lm/lmr1
2.pfb></usr/local/texlive/2021/texmf-dist/fonts/type1/public/lm/lmr17.pfb></usr
/local/texlive/2021/texmf-dist/fonts/type1/public/lm/lmr5.pfb></usr/local/texli
ve/2021/texmf-dist/fonts/type1/public/lm/lmr7.pfb></usr/local/texlive/2021/texm
f-dist/fonts/type1/public/lm/lmri10.pfb></usr/local/texlive/2021/texmf-dist/fon
ts/type1/public/lm/lmsy10.pfb></usr/local/texlive/2021/texmf-dist/fonts/type1/p
ublic/lm/lmsy5.pfb></usr/local/texlive/2021/texmf-dist/fonts/type1/public/lm/lm
sy7.pfb></usr/local/texlive/2021/texmf-dist/fonts/type1/public/lm/lmtk10.pfb></
usr/local/texlive/2021/texmf-dist/fonts/type1/public/lm/lmtko10.pfb></usr/local
/texlive/2021/texmf-dist/fonts/type1/public/lm/lmtt10.pfb></usr/local/texlive/2
021/texmf-dist/fonts/type1/public/lm/lmtti10.pfb></usr/local/texlive/2021/texmf
-dist/fonts/type1/public/amsfonts/symbols/msbm10.pfb>
Output written on Modelisation_benford.pdf (56 pages, 2184121 bytes).
PDF statistics:
 691 PDF objects out of 1000 (max. 8388607)
 557 compressed objects within 6 object streams
 143 named destinations out of 1000 (max. 500000)
 39222 words of extra memory for PDF output out of 42996 (max. 10000000)

